Using pre-set license
Built from '2020.3/staging' branch; Version is '2020.3.29f1 (2ff179115da0) revision 3142009'; Using compiler version '192528614'; Build Type 'Release'
OS: 'Windows 10  (10.0.19044) 64bit Core' Language: 'en' Physical Memory: 16324 MB
BatchMode: 1, IsHumanControllingUs: 0, StartBugReporterOnCrash: 0, Is64bit: 1, IsPro: 0

COMMAND LINE ARGUMENTS:
D:\Unity version\2020.3.29f1\Editor\Unity.exe
-adb2
-batchMode
-noUpm
-name
AssetImportWorker0
-projectPath
D:/GitHub/TheSubwayExperience/TheSubwayExperience
-logFile
Logs/AssetImportWorker0.log
-srvPort
51752
Successfully changed project path to: D:/GitHub/TheSubwayExperience/TheSubwayExperience
D:/GitHub/TheSubwayExperience/TheSubwayExperience
Using Asset Import Pipeline V2.
Refreshing native plugins compatible for Editor in 40.08 ms, found 2 plugins.
Preloading 0 native plugins for Editor in 0.00 ms.
Initialize engine version: 2020.3.29f1 (2ff179115da0)
[Subsystems] Discovering subsystems at path D:/Unity version/2020.3.29f1/Editor/Data/Resources/UnitySubsystems
[Subsystems] Discovering subsystems at path D:/GitHub/TheSubwayExperience/TheSubwayExperience/Assets
GfxDevice: creating device client; threaded=0
Direct3D:
    Version:  Direct3D 11.0 [level 11.1]
    Renderer: NVIDIA GeForce GTX 1060 3GB (ID=0x1c02)
    Vendor:   
    VRAM:     2988 MB
    Driver:   30.0.14.9709
Initialize mono
Mono path[0] = 'D:/Unity version/2020.3.29f1/Editor/Data/Managed'
Mono path[1] = 'D:/Unity version/2020.3.29f1/Editor/Data/MonoBleedingEdge/lib/mono/unityjit'
Mono config path = 'D:/Unity version/2020.3.29f1/Editor/Data/MonoBleedingEdge/etc'
Using monoOptions --debugger-agent=transport=dt_socket,embedding=1,server=y,suspend=n,address=127.0.0.1:56484
Begin MonoManager ReloadAssembly
Registering precompiled unity dll's ...
Register platform support module: D:/Unity version/2020.3.29f1/Editor/Data/PlaybackEngines/WindowsStandaloneSupport/UnityEditor.WindowsStandalone.Extensions.dll
Registered in 0.001461 seconds.
Native extension for WindowsStandalone target not found
Refreshing native plugins compatible for Editor in 37.12 ms, found 2 plugins.
Preloading 0 native plugins for Editor in 0.00 ms.
Mono: successfully reloaded assembly
- Completed reload, in  0.646 seconds
Domain Reload Profiling:
	ReloadAssembly (646ms)
		BeginReloadAssembly (87ms)
			ExecutionOrderSort (0ms)
			DisableScriptedObjects (0ms)
			BackupInstance (0ms)
			ReleaseScriptingObjects (0ms)
			CreateAndSetChildDomain (1ms)
		EndReloadAssembly (479ms)
			LoadAssemblies (88ms)
			RebuildTransferFunctionScriptingTraits (0ms)
			SetupTypeCache (154ms)
			ReleaseScriptCaches (0ms)
			RebuildScriptCaches (35ms)
			SetupLoadedEditorAssemblies (173ms)
				LogAssemblyErrors (0ms)
				InitializePlatformSupportModulesInManaged (4ms)
				SetLoadedEditorAssemblies (0ms)
				RefreshPlugins (37ms)
				BeforeProcessingInitializeOnLoad (17ms)
				ProcessInitializeOnLoadAttributes (87ms)
				ProcessInitializeOnLoadMethodAttributes (27ms)
				AfterProcessingInitializeOnLoad (0ms)
				EditorAssembliesLoaded (0ms)
			ExecutionOrderSort2 (0ms)
			AwakeInstancesAfterBackupRestoration (0ms)
Platform modules already initialized, skipping
Registering precompiled user dll's ...
Registered in 0.003930 seconds.
Begin MonoManager ReloadAssembly
Native extension for WindowsStandalone target not found
Refreshing native plugins compatible for Editor in 0.45 ms, found 2 plugins.
Preloading 0 native plugins for Editor in 0.00 ms.
Mono: successfully reloaded assembly
- Completed reload, in  1.149 seconds
Domain Reload Profiling:
	ReloadAssembly (1150ms)
		BeginReloadAssembly (212ms)
			ExecutionOrderSort (0ms)
			DisableScriptedObjects (5ms)
			BackupInstance (0ms)
			ReleaseScriptingObjects (0ms)
			CreateAndSetChildDomain (30ms)
		EndReloadAssembly (882ms)
			LoadAssemblies (137ms)
			RebuildTransferFunctionScriptingTraits (0ms)
			SetupTypeCache (322ms)
			ReleaseScriptCaches (0ms)
			RebuildScriptCaches (49ms)
			SetupLoadedEditorAssemblies (319ms)
				LogAssemblyErrors (0ms)
				InitializePlatformSupportModulesInManaged (6ms)
				SetLoadedEditorAssemblies (1ms)
				RefreshPlugins (1ms)
				BeforeProcessingInitializeOnLoad (80ms)
				ProcessInitializeOnLoadAttributes (219ms)
				ProcessInitializeOnLoadMethodAttributes (9ms)
				AfterProcessingInitializeOnLoad (4ms)
				EditorAssembliesLoaded (0ms)
			ExecutionOrderSort2 (0ms)
			AwakeInstancesAfterBackupRestoration (8ms)
Platform modules already initialized, skipping
========================================================================
Worker process is ready to serve import requests
Launched and connected shader compiler UnityShaderCompiler.exe after 0.06 seconds
Refreshing native plugins compatible for Editor in 0.67 ms, found 2 plugins.
Preloading 0 native plugins for Editor in 0.00 ms.
Unloading 1862 Unused Serialized files (Serialized files now loaded: 0)
System memory in use before: 83.6 MB.
System memory in use after: 83.6 MB.

Unloading 17 unused Assets to reduce memory usage. Loaded Objects now: 2298.
Total: 2.936900 ms (FindLiveObjects: 0.217100 ms CreateObjectMapping: 0.072600 ms MarkObjects: 2.550800 ms  DeleteObjects: 0.094100 ms)

AssetImportParameters requested are different than current active one (requested -> active):
  custom:framework-win-MediaFoundation: 216162199b28c13a410421893ffa2e32 -> 
  custom:video-decoder-ogg-theora: a1e56fd34408186e4bbccfd4996cb3dc -> 
  custom:container-muxer-webm: aa71ff27fc2769a1b78a27578f13a17b -> 
  custom:container-demuxer-webm: 4f35f7cbe854078d1ac9338744f61a02 -> 
  custom:container-demuxer-ogg: 62fdf1f143b41e24485cea50d1cbac27 -> 
  custom:video-encoder-webm-vp8: eb34c28f22e8b96e1ab97ce403110664 -> 
  custom:video-decoder-webm-vp8: 9c59270c3fd7afecdb556c50c9e8de78 -> 
  custom:audio-decoder-ogg-vorbis: bf7c407c2cedff20999df2af8eb42d56 -> 
  custom:audio-encoder-webm-vorbis: bf7c407c2cedff20999df2af8eb42d56 -> 
========================================================================
Received Import Request.
  path: Assets/Scenes/TestScene.unity
  artifactKey: Guid(f86a97e48778d4440835ca45d8f442d5) Importer(815301076,1909f56bfc062723c751e8b465ee728b)
Start importing Assets/Scenes/TestScene.unity using Guid(f86a97e48778d4440835ca45d8f442d5) Importer(815301076,1909f56bfc062723c751e8b465ee728b)  -> (artifact id: '4f89f8f1c472e79a537c9179be37231b') in 0.016014 seconds 
  Import took 0.019149 seconds .

========================================================================
Received Import Request.
  Time since last request: 0.000291 seconds.
  path: Assets/Scenes
  artifactKey: Guid(e7f2f042f20bb304aa033f2f37a5f7ad) Importer(815301076,1909f56bfc062723c751e8b465ee728b)
Start importing Assets/Scenes using Guid(e7f2f042f20bb304aa033f2f37a5f7ad) Importer(815301076,1909f56bfc062723c751e8b465ee728b)  -> (artifact id: 'e392650db0c43224cedbee020a189d00') in 0.003400 seconds 
  Import took 0.006480 seconds .

========================================================================
Received Import Request.
  Time since last request: 3770.468869 seconds.
  path: Assets/subway cart.fbx
  artifactKey: Guid(0a5cd36ed7b9bb546b17cee10ca59a3b) Importer(815301076,1909f56bfc062723c751e8b465ee728b)
Start importing Assets/subway cart.fbx using Guid(0a5cd36ed7b9bb546b17cee10ca59a3b) Importer(815301076,1909f56bfc062723c751e8b465ee728b)  -> (artifact id: '3f7010740ae4c1386a161a0cfb1a2182') in 0.551262 seconds 
  Import took 0.594224 seconds .

========================================================================
Received Import Request.
  Time since last request: 0.000215 seconds.
  path: Assets
  artifactKey: Guid(00000000000000001000000000000000) Importer(815301076,1909f56bfc062723c751e8b465ee728b)
Start importing Assets using Guid(00000000000000001000000000000000) Importer(815301076,1909f56bfc062723c751e8b465ee728b)  -> (artifact id: '42d402b061de3733987d63b9cc3b64de') in 0.002644 seconds 
  Import took 0.005807 seconds .

========================================================================
Received Import Request.
  Time since last request: 3.586353 seconds.
  path: Assets/3D
  artifactKey: Guid(c813c6119a07fec4b896116325bbc7e1) Importer(815301076,1909f56bfc062723c751e8b465ee728b)
Start importing Assets/3D using Guid(c813c6119a07fec4b896116325bbc7e1) Importer(815301076,1909f56bfc062723c751e8b465ee728b)  -> (artifact id: 'b039c7125f8763f00cdec9bcdf9b7cc6') in 0.003202 seconds 
  Import took 0.006115 seconds .

========================================================================
Received Import Request.
  Time since last request: 11.231575 seconds.
  path: Assets/3D/Placeholder
  artifactKey: Guid(3b785f216b95f5f4e8ffc3c142f262b0) Importer(815301076,1909f56bfc062723c751e8b465ee728b)
Start importing Assets/3D/Placeholder using Guid(3b785f216b95f5f4e8ffc3c142f262b0) Importer(815301076,1909f56bfc062723c751e8b465ee728b)  -> (artifact id: '50e7c30e5e0184eb9189501290329c69') in 0.002896 seconds 
  Import took 0.006060 seconds .

========================================================================
Received Prepare
Registering precompiled user dll's ...
Registered in 0.005602 seconds.
Begin MonoManager ReloadAssembly
Native extension for WindowsStandalone target not found
Refreshing native plugins compatible for Editor in 0.37 ms, found 2 plugins.
Preloading 0 native plugins for Editor in 0.00 ms.
Mono: successfully reloaded assembly
- Completed reload, in  1.072 seconds
Domain Reload Profiling:
	ReloadAssembly (1072ms)
		BeginReloadAssembly (185ms)
			ExecutionOrderSort (0ms)
			DisableScriptedObjects (4ms)
			BackupInstance (0ms)
			ReleaseScriptingObjects (0ms)
			CreateAndSetChildDomain (61ms)
		EndReloadAssembly (831ms)
			LoadAssemblies (138ms)
			RebuildTransferFunctionScriptingTraits (0ms)
			SetupTypeCache (279ms)
			ReleaseScriptCaches (1ms)
			RebuildScriptCaches (54ms)
			SetupLoadedEditorAssemblies (300ms)
				LogAssemblyErrors (0ms)
				InitializePlatformSupportModulesInManaged (4ms)
				SetLoadedEditorAssemblies (0ms)
				RefreshPlugins (0ms)
				BeforeProcessingInitializeOnLoad (73ms)
				ProcessInitializeOnLoadAttributes (209ms)
				ProcessInitializeOnLoadMethodAttributes (10ms)
				AfterProcessingInitializeOnLoad (2ms)
				EditorAssembliesLoaded (0ms)
			ExecutionOrderSort2 (0ms)
			AwakeInstancesAfterBackupRestoration (6ms)
Platform modules already initialized, skipping
Refreshing native plugins compatible for Editor in 0.35 ms, found 2 plugins.
Preloading 0 native plugins for Editor in 0.00 ms.
Unloading 1834 Unused Serialized files (Serialized files now loaded: 0)
System memory in use before: 84.5 MB.
System memory in use after: 84.6 MB.

Unloading 13 unused Assets to reduce memory usage. Loaded Objects now: 2310.
Total: 2.935600 ms (FindLiveObjects: 0.131900 ms CreateObjectMapping: 0.062300 ms MarkObjects: 2.670500 ms  DeleteObjects: 0.070000 ms)

AssetImportParameters requested are different than current active one (requested -> active):
  custom:framework-win-MediaFoundation: 216162199b28c13a410421893ffa2e32 -> 
  custom:video-decoder-ogg-theora: a1e56fd34408186e4bbccfd4996cb3dc -> 
  custom:container-muxer-webm: aa71ff27fc2769a1b78a27578f13a17b -> 
  custom:container-demuxer-webm: 4f35f7cbe854078d1ac9338744f61a02 -> 
  custom:container-demuxer-ogg: 62fdf1f143b41e24485cea50d1cbac27 -> 
  custom:video-encoder-webm-vp8: eb34c28f22e8b96e1ab97ce403110664 -> 
  custom:video-decoder-webm-vp8: 9c59270c3fd7afecdb556c50c9e8de78 -> 
  custom:audio-decoder-ogg-vorbis: bf7c407c2cedff20999df2af8eb42d56 -> 
  custom:audio-encoder-webm-vorbis: bf7c407c2cedff20999df2af8eb42d56 -> 
========================================================================
Received Import Request.
  Time since last request: 235.327910 seconds.
  path: Assets/3D/Placeholder/subway cart 1.fbx
  artifactKey: Guid(74f4e8496fdb5a046bf4fc9936e770f4) Importer(815301076,1909f56bfc062723c751e8b465ee728b)
Start importing Assets/3D/Placeholder/subway cart 1.fbx using Guid(74f4e8496fdb5a046bf4fc9936e770f4) Importer(815301076,1909f56bfc062723c751e8b465ee728b)  -> (artifact id: '6a8ceb5f415260df6e1850973720d9f7') in 0.081844 seconds 
  Import took 0.084930 seconds .

========================================================================
Received Import Request.
  Time since last request: 11688.302697 seconds.
  path: Assets/3D/Placeholder/subway cart.fbx
  artifactKey: Guid(0a5cd36ed7b9bb546b17cee10ca59a3b) Importer(815301076,1909f56bfc062723c751e8b465ee728b)
Start importing Assets/3D/Placeholder/subway cart.fbx using Guid(0a5cd36ed7b9bb546b17cee10ca59a3b) Importer(815301076,1909f56bfc062723c751e8b465ee728b)  -> (artifact id: '8c9981ffd1608213c129554c33925353') in 0.034036 seconds 
  Import took 0.040115 seconds .

========================================================================
Received Import Request.
  Time since last request: 251.040130 seconds.
  path: Assets/Materials
  artifactKey: Guid(b8304b96eb6087b40af0e34e3859a87d) Importer(815301076,1909f56bfc062723c751e8b465ee728b)
Start importing Assets/Materials using Guid(b8304b96eb6087b40af0e34e3859a87d) Importer(815301076,1909f56bfc062723c751e8b465ee728b)  -> (artifact id: 'd3e933cc7e2d42f5683f7267b6dc4dbd') in 0.003149 seconds 
  Import took 0.006783 seconds .

========================================================================
Received Import Request.
  Time since last request: 6.496530 seconds.
  path: Assets/Materials/Train.mat
  artifactKey: Guid(c0e9cd8c273314b42bc5a25a81fd4f5c) Importer(815301076,1909f56bfc062723c751e8b465ee728b)
Start importing Assets/Materials/Train.mat using Guid(c0e9cd8c273314b42bc5a25a81fd4f5c) Importer(815301076,1909f56bfc062723c751e8b465ee728b)  -> (artifact id: '44e39e77f84e6857d5402ba11d69cb12') in 0.035721 seconds 
  Import took 0.038675 seconds .

========================================================================
Received Import Request.
  Time since last request: 9.414954 seconds.
  path: Assets/Materials/Train.mat
  artifactKey: Guid(c0e9cd8c273314b42bc5a25a81fd4f5c) Importer(815301076,1909f56bfc062723c751e8b465ee728b)
Start importing Assets/Materials/Train.mat using Guid(c0e9cd8c273314b42bc5a25a81fd4f5c) Importer(815301076,1909f56bfc062723c751e8b465ee728b)  -> (artifact id: '49b44c00f665f4d2e2a754141c0e929e') in 0.010538 seconds 
  Import took 0.013654 seconds .

========================================================================
Received Import Request.
  Time since last request: 44.214548 seconds.
  path: Assets/Materials/Floor.mat
  artifactKey: Guid(71fc0fc0c0c508d4490493456eadf40d) Importer(815301076,1909f56bfc062723c751e8b465ee728b)
Start importing Assets/Materials/Floor.mat using Guid(71fc0fc0c0c508d4490493456eadf40d) Importer(815301076,1909f56bfc062723c751e8b465ee728b)  -> (artifact id: 'bd3f6ae95a98fce12ceff7cdc427cf7f') in 0.013235 seconds 
  Import took 0.016608 seconds .

========================================================================
Received Import Request.
  Time since last request: 106.043485 seconds.
  path: Assets/Materials/Floor.mat
  artifactKey: Guid(71fc0fc0c0c508d4490493456eadf40d) Importer(815301076,1909f56bfc062723c751e8b465ee728b)
Start importing Assets/Materials/Floor.mat using Guid(71fc0fc0c0c508d4490493456eadf40d) Importer(815301076,1909f56bfc062723c751e8b465ee728b)  -> (artifact id: '1649d9ed52b2a4caf669cd9c28b50a29') in 0.012955 seconds 
  Import took 0.016319 seconds .

AssetImportWorkerClient::OnTransportError - code=2 error=End of file
